<?xml version="1.0" encoding="UTF-8"?>
<!-- Generated by org.testng.reporters.JUnitReportReporter -->
<testsuite name="com.anyaut.automation.AnyautAutomationProject.autDetailsPage.TC_AUT_007_VerifyAutWithBlankData" tests="1" time="52.921" ignored="0" failures="0" timestamp="28 Sep 2017 05:55:11 GMT" skipped="0" hostname="Shams" errors="0">
  <testcase name="VerifyAddEditModuleWithBlankData" time="52.921" classname="com.anyaut.automation.AnyautAutomationProject.autDetailsPage.TC_AUT_007_VerifyAutWithBlankData"/>
</testsuite> <!-- com.anyaut.automation.AnyautAutomationProject.autDetailsPage.TC_AUT_007_VerifyAutWithBlankData -->
