<?xml version="1.0" encoding="UTF-8"?>
<!-- Generated by org.testng.reporters.JUnitReportReporter -->
<testsuite name="com.anyaut.automation.AnyautAutomationProject.addModulePage.TC_Module_012_VerifyEditButtonInAddEditPage" tests="1" time="65.988" ignored="0" failures="0" timestamp="28 Sep 2017 18:21:15 GMT" skipped="0" hostname="Shams" errors="0">
  <testcase name="VerifyEditButtonInAddEditPage" time="65.988" classname="com.anyaut.automation.AnyautAutomationProject.addModulePage.TC_Module_012_VerifyEditButtonInAddEditPage"/>
</testsuite> <!-- com.anyaut.automation.AnyautAutomationProject.addModulePage.TC_Module_012_VerifyEditButtonInAddEditPage -->
