<?xml version="1.0" encoding="UTF-8"?>
<!-- Generated by org.testng.reporters.JUnitReportReporter -->
<testsuite name="com.anyaut.automation.AnyautAutomationProject.autDetailsPage.TC_AUT_001_VerifyAutWithValidData" tests="4" time="162.427" ignored="0" failures="0" timestamp="28 Sep 2017 02:08:40 GMT" skipped="0" hostname="Shams" errors="0">
  <testcase name="verifuAutWithValidData" time="39.259" classname="com.anyaut.automation.AnyautAutomationProject.autDetailsPage.TC_AUT_001_VerifyAutWithValidData"/>
  <testcase name="verifuAutWithValidData" time="38.883" classname="com.anyaut.automation.AnyautAutomationProject.autDetailsPage.TC_AUT_001_VerifyAutWithValidData"/>
  <testcase name="verifuAutWithValidData" time="45.147" classname="com.anyaut.automation.AnyautAutomationProject.autDetailsPage.TC_AUT_001_VerifyAutWithValidData"/>
  <testcase name="verifuAutWithValidData" time="39.138" classname="com.anyaut.automation.AnyautAutomationProject.autDetailsPage.TC_AUT_001_VerifyAutWithValidData"/>
</testsuite> <!-- com.anyaut.automation.AnyautAutomationProject.autDetailsPage.TC_AUT_001_VerifyAutWithValidData -->
