<?xml version="1.0" encoding="UTF-8"?>
<!-- Generated by org.testng.reporters.JUnitReportReporter -->
<testsuite name="com.anyaut.automation.AnyautAutomationProject.addModulePage.TC_Module_016_VerifySearchButtonInAddEditPageWithInValidData" tests="1" time="42.320" ignored="0" failures="0" timestamp="03 Oct 2017 03:14:34 GMT" skipped="0" hostname="Shams" errors="0">
  <testcase name="VerifySearchButtonInAddEditPageWithInValidData" time="42.320" classname="com.anyaut.automation.AnyautAutomationProject.addModulePage.TC_Module_016_VerifySearchButtonInAddEditPageWithInValidData"/>
</testsuite> <!-- com.anyaut.automation.AnyautAutomationProject.addModulePage.TC_Module_016_VerifySearchButtonInAddEditPageWithInValidData -->
