<?xml version="1.0" encoding="UTF-8"?>
<!-- Generated by org.testng.reporters.JUnitReportReporter -->
<testsuite name="com.anyaut.automation.AnyautAutomationProject.addModulePage.TC_Module_011_VerifyGoTestCaseNavigation" tests="1" time="42.562" ignored="0" failures="0" timestamp="27 Sep 2017 07:32:38 GMT" skipped="0" hostname="Shams" errors="0">
  <testcase name="VerifyAddEditModuleWithBlankData" time="42.562" classname="com.anyaut.automation.AnyautAutomationProject.addModulePage.TC_Module_011_VerifyGoTestCaseNavigation"/>
</testsuite> <!-- com.anyaut.automation.AnyautAutomationProject.addModulePage.TC_Module_011_VerifyGoTestCaseNavigation -->
