<?xml version="1.0" encoding="UTF-8"?>
<!-- Generated by org.testng.reporters.JUnitReportReporter -->
<testsuite name="com.anyaut.automation.AnyautAutomationProject.autDetailsPage.TC_AUT_005_VerifyAutWithInValidData" tests="1" time="43.432" ignored="0" failures="0" timestamp="28 Sep 2017 04:48:12 GMT" skipped="0" hostname="Shams" errors="0">
  <testcase name="VerifyAutWithInValidData" time="43.432" classname="com.anyaut.automation.AnyautAutomationProject.autDetailsPage.TC_AUT_005_VerifyAutWithInValidData"/>
</testsuite> <!-- com.anyaut.automation.AnyautAutomationProject.autDetailsPage.TC_AUT_005_VerifyAutWithInValidData -->
