<?xml version="1.0" encoding="UTF-8"?>
<!-- Generated by org.testng.reporters.JUnitReportReporter -->
<testsuite name="com.anyaut.automation.AnyautAutomationProject.addModulePage.TC_Module_013_VerifyDeleteButtonInAddEditPageWithNoTestCases" tests="1" time="44.054" ignored="0" failures="0" timestamp="29 Sep 2017 04:13:57 GMT" skipped="0" hostname="Shams" errors="0">
  <testcase name="VerifyEditButtonInAddEditPage" time="44.054" classname="com.anyaut.automation.AnyautAutomationProject.addModulePage.TC_Module_013_VerifyDeleteButtonInAddEditPageWithNoTestCases"/>
</testsuite> <!-- com.anyaut.automation.AnyautAutomationProject.addModulePage.TC_Module_013_VerifyDeleteButtonInAddEditPageWithNoTestCases -->
