<?xml version="1.0" encoding="UTF-8"?>
<!-- Generated by org.testng.reporters.JUnitReportReporter -->
<testsuite name="com.anyaut.automation.AnyautAutomationProject.autDetailsPage.TC_AUT_004_VerifyAutWithInValidData" tests="1" time="47.859" ignored="0" failures="0" timestamp="28 Sep 2017 04:31:48 GMT" skipped="0" hostname="Shams" errors="0">
  <testcase name="VerifyAutWithInValidData" time="47.859" classname="com.anyaut.automation.AnyautAutomationProject.autDetailsPage.TC_AUT_004_VerifyAutWithInValidData"/>
</testsuite> <!-- com.anyaut.automation.AnyautAutomationProject.autDetailsPage.TC_AUT_004_VerifyAutWithInValidData -->
