<?xml version="1.0" encoding="UTF-8"?>
<!-- Generated by org.testng.reporters.JUnitReportReporter -->
<testsuite name="com.anyaut.automation.AnyautAutomationProject.addModulePage.TC_Module_010_VerifyAddEditModuleWithSameData" tests="1" time="62.098" ignored="0" failures="0" timestamp="27 Sep 2017 07:00:37 GMT" skipped="0" hostname="Shams" errors="0">
  <testcase name="VerifyAddEditModuleWithSameData" time="62.098" classname="com.anyaut.automation.AnyautAutomationProject.addModulePage.TC_Module_010_VerifyAddEditModuleWithSameData"/>
</testsuite> <!-- com.anyaut.automation.AnyautAutomationProject.addModulePage.TC_Module_010_VerifyAddEditModuleWithSameData -->
