<?xml version="1.0" encoding="UTF-8"?>
<!-- Generated by org.testng.reporters.JUnitReportReporter -->
<testsuite name="com.anyaut.automation.AnyautAutomationProject.addModulePage.TC_Module_015_VerifySearchButtonInAddEditPageWithValidData" tests="1" time="38.748" ignored="0" failures="0" timestamp="29 Sep 2017 06:59:50 GMT" skipped="0" hostname="Shams" errors="0">
  <testcase name="VerifySearchButtonInAddEditPageWithValidData" time="38.748" classname="com.anyaut.automation.AnyautAutomationProject.addModulePage.TC_Module_015_VerifySearchButtonInAddEditPageWithValidData"/>
</testsuite> <!-- com.anyaut.automation.AnyautAutomationProject.addModulePage.TC_Module_015_VerifySearchButtonInAddEditPageWithValidData -->
