<?xml version="1.0" encoding="UTF-8"?>
<!-- Generated by org.testng.reporters.JUnitReportReporter -->
<testsuite name="com.anyaut.automation.AnyautAutomationProject.autDetailsPage.TC_AUT_002_VerifyAutWithValidData" tests="5" time="202.683" ignored="0" failures="0" timestamp="28 Sep 2017 02:22:37 GMT" skipped="0" hostname="Shams" errors="0">
  <testcase name="verifuAutWithValidData" time="46.020" classname="com.anyaut.automation.AnyautAutomationProject.autDetailsPage.TC_AUT_002_VerifyAutWithValidData"/>
  <testcase name="verifuAutWithValidData" time="38.713" classname="com.anyaut.automation.AnyautAutomationProject.autDetailsPage.TC_AUT_002_VerifyAutWithValidData"/>
  <testcase name="verifuAutWithValidData" time="38.479" classname="com.anyaut.automation.AnyautAutomationProject.autDetailsPage.TC_AUT_002_VerifyAutWithValidData"/>
  <testcase name="verifuAutWithValidData" time="40.834" classname="com.anyaut.automation.AnyautAutomationProject.autDetailsPage.TC_AUT_002_VerifyAutWithValidData"/>
  <testcase name="verifuAutWithValidData" time="38.637" classname="com.anyaut.automation.AnyautAutomationProject.autDetailsPage.TC_AUT_002_VerifyAutWithValidData"/>
</testsuite> <!-- com.anyaut.automation.AnyautAutomationProject.autDetailsPage.TC_AUT_002_VerifyAutWithValidData -->
