<?xml version="1.0" encoding="UTF-8"?>
<!-- Generated by org.testng.reporters.JUnitReportReporter -->
<testsuite name="com.anyaut.automation.AnyautAutomationProject.addModulePage.LoginData" tests="2" time="79.810" ignored="0" failures="0" timestamp="28 Sep 2017 01:11:34 GMT" skipped="0" hostname="Shams" errors="0">
  <testcase name="VerifyAddEditModuleWithSameData" time="36.287" classname="com.anyaut.automation.AnyautAutomationProject.addModulePage.LoginData"/>
  <testcase name="VerifyAddEditModuleWithSameData" time="43.523" classname="com.anyaut.automation.AnyautAutomationProject.addModulePage.LoginData"/>
</testsuite> <!-- com.anyaut.automation.AnyautAutomationProject.addModulePage.LoginData -->
